<?xml version="1.0" encoding="UTF-8"?>
<!-- Generated by org.testng.reporters.JUnitXMLReporter -->
<testsuite ignored="2" hostname="LAPTOP-V3OEAB3D" failures="0" tests="6" name="Test" time="0.143" errors="0" timestamp="2023-06-27T19:39:08 IST">
  <testcase classname="testclass.BaseTest" name="@BeforeSuite initBrowser" time="0.012">
    <failure type="java.io.FileNotFoundException" message="C:\Users\sidja\eclipse-workspace\MyMaven\src\test\resources\Config.properties (The system cannot find the file specified)">
      <![CDATA[java.io.FileNotFoundException: C:\Users\sidja\eclipse-workspace\MyMaven\src\test\resources\Config.properties (The system cannot find the file specified)
at java.base/java.io.FileInputStream.open0(Native Method)
at java.base/java.io.FileInputStream.open(FileInputStream.java:216)
at java.base/java.io.FileInputStream.<init>(FileInputStream.java:157)
at java.base/java.io.FileInputStream.<init>(FileInputStream.java:111)
at utility.ConfigReader.readConfig(ConfigReader.java:13)
at testclass.BaseTest.initBrowser(BaseTest.java:30)
... Removed 17 stack frames]]>
    </failure>
  </testcase> <!-- @BeforeSuite initBrowser -->
  <testcase classname="testclass.BaseTest" name="@BeforeClass createObject" time="0.0">
    <skipped/>
  </testcase> <!-- @BeforeClass createObject -->
  <testcase classname="testclass.BaseTest" name="@BeforeClass createObject" time="0.0">
    <skipped/>
  </testcase> <!-- @BeforeClass createObject -->
  <testcase classname="testclass.HomeTest" name="validateTitle" time="0.0">
    <skipped/>
  </testcase> <!-- validateTitle -->
  <testcase classname="testclass.HomeTest" name="navToSingleMalt" time="0.0">
    <skipped/>
  </testcase> <!-- navToSingleMalt -->
  <testcase classname="testclass.ProductTest" name="validateFilter" time="0.0">
    <skipped/>
  </testcase> <!-- validateFilter -->
  <testcase classname="testclass.ProductTest" name="resetFilterValidation" time="0.0">
    <skipped/>
  </testcase> <!-- resetFilterValidation -->
  <testcase classname="testclass.ProductTest" name="sortingFilter" time="0.0">
    <skipped/>
  </testcase> <!-- sortingFilter -->
  <testcase classname="testclass.ProductTest" name="navToProduct" time="0.0">
    <skipped/>
  </testcase> <!-- navToProduct -->
  <testcase classname="testclass.BaseTest" name="@BeforeSuite initBrowser" time="0.0">
    <ignored/>
  </testcase> <!-- @BeforeSuite initBrowser -->
  <testcase classname="testclass.BaseTest" name="@AfterSuite tearDown" time="0.0">
    <ignored/>
  </testcase> <!-- @AfterSuite tearDown -->
</testsuite> <!-- Test -->
