<?xml version="1.0" encoding="UTF-8"?>
<!-- Generated by org.testng.reporters.JUnitXMLReporter -->
<testsuite ignored="2" hostname="LAPTOP-V3OEAB3D" failures="0" tests="6" name="Test" time="8.256" errors="0" timestamp="2023-07-19T09:47:24 IST">
  <testcase classname="testclass.HomeTest" name="validateTitle" time="0.047"/>
  <testcase classname="testclass.HomeTest" name="navToSingleMalt" time="1.025"/>
  <testcase classname="testclass.ProductTest" name="validateFilter" time="0.95"/>
  <testcase classname="testclass.ProductTest" name="resetFilterValidation" time="0.71"/>
  <testcase classname="testclass.ProductTest" name="sortingFilter" time="3.442"/>
  <testcase classname="testclass.ProductTest" name="navToProduct" time="1.92"/>
  <testcase classname="testclass.BaseTest" name="@AfterSuite tearDown" time="0.0">
    <ignored/>
  </testcase> <!-- @AfterSuite tearDown -->
  <testcase classname="testclass.BaseTest" name="@BeforeSuite initBrowser" time="0.0">
    <ignored/>
  </testcase> <!-- @BeforeSuite initBrowser -->
</testsuite> <!-- Test -->
