<?xml version="1.0" encoding="UTF-8"?>
<testsuite xmlns:xsi="http://www.w3.org/2001/XMLSchema-instance" xsi:noNamespaceSchemaLocation="https://maven.apache.org/surefire/maven-surefire-plugin/xsd/surefire-test-report-3.0.xsd" version="3.0" name="TestSuite" time="23.928" tests="6" errors="0" skipped="0" failures="0">
  <properties>
[...]
</properties>
  <testcase name="validateTitle" classname="testclass.HomeTest" time="0.048">
    <system-out><![CDATA[Chrome
https://livingliquidz.com/
Test tag started : Test
Test case started: validateTitle
Test case passed: validateTitle
]]></system-out>
    <system-err><![CDATA[SLF4J: Failed to load class "org.slf4j.impl.StaticLoggerBinder".
SLF4J: Defaulting to no-operation (NOP) logger implementation
SLF4J: See http://www.slf4j.org/codes.html#StaticLoggerBinder for further details.
Jul 19, 2023 9:47:04 AM org.openqa.selenium.manager.SeleniumManager getDriverPath
INFO: Applicable driver not found; attempting to install with Selenium Manager (Beta)
Starting ChromeDriver 114.0.5735.90 (386bc09e8f4f2e025eddae123f36f6263096ae49-refs/branch-heads/5735@{#1052}) on port 10668
Only local connections are allowed.
Please see https://chromedriver.chromium.org/security-considerations for suggestions on keeping ChromeDriver safe.
ChromeDriver was started successfully.
Jul 19, 2023 9:47:08 AM org.openqa.selenium.devtools.CdpVersionFinder findNearestMatch
WARNING: Unable to find an exact match for CDP version 114, so returning the closest version found: 113
]]></system-err>
  </testcase>
  <testcase name="navToSingleMalt" classname="testclass.HomeTest" time="1.025">
    <system-out><![CDATA[Test case started: navToSingleMalt
Test case passed: navToSingleMalt
]]></system-out>
  </testcase>
  <testcase name="validateFilter" classname="testclass.ProductTest" time="0.954">
    <system-out><![CDATA[Test case started: validateFilter
Test case passed: validateFilter
]]></system-out>
  </testcase>
  <testcase name="resetFilterValidation" classname="testclass.ProductTest" time="0.708">
    <system-out><![CDATA[Test case started: resetFilterValidation
Test case passed: resetFilterValidation
]]></system-out>
  </testcase>
  <testcase name="sortingFilter" classname="testclass.ProductTest" time="3.45">
    <system-out><![CDATA[Test case started: sortingFilter
Test case passed: sortingFilter
]]></system-out>
  </testcase>
  <testcase name="navToProduct" classname="testclass.ProductTest" time="1.923">
    <system-out><![CDATA[Test case started: navToProduct
Test case passed: navToProduct
]]></system-out>
  </testcase>
</testsuite>