<?xml version="1.0" encoding="UTF-8"?>
<testng-results ignored="2" total="8" passed="6" failed="0" skipped="0">
  <reporter-output>
  </reporter-output>
  <suite started-at="2023-07-19T09:47:15 IST" name="Suite" finished-at="2023-07-19T09:47:23 IST" duration-ms="8256">
    <groups>
    </groups>
    <test started-at="2023-07-19T09:47:15 IST" name="Test" finished-at="2023-07-19T09:47:23 IST" duration-ms="8256">
      <class name="testclass.HomeTest">
        <test-method is-config="true" signature="initBrowser()[pri:0, instance:testclass.HomeTest@6c779568]" started-at="2023-07-19T09:47:04 IST" name="initBrowser" finished-at="2023-07-19T09:47:15 IST" duration-ms="11013" status="PASS">
          <reporter-output>
          </reporter-output>
        </test-method> <!-- initBrowser -->
        <test-method is-config="true" signature="createObject()[pri:0, instance:testclass.HomeTest@6c779568]" started-at="2023-07-19T09:47:15 IST" name="createObject" finished-at="2023-07-19T09:47:15 IST" duration-ms="72" status="PASS">
          <reporter-output>
          </reporter-output>
        </test-method> <!-- createObject -->
        <test-method signature="validateTitle()[pri:1, instance:testclass.HomeTest@6c779568]" started-at="2023-07-19T09:47:15 IST" name="validateTitle" finished-at="2023-07-19T09:47:15 IST" duration-ms="47" status="PASS">
          <reporter-output>
          </reporter-output>
        </test-method> <!-- validateTitle -->
        <test-method signature="navToSingleMalt()[pri:2, instance:testclass.HomeTest@6c779568]" started-at="2023-07-19T09:47:15 IST" name="navToSingleMalt" finished-at="2023-07-19T09:47:16 IST" duration-ms="1025" status="PASS">
          <reporter-output>
          </reporter-output>
        </test-method> <!-- navToSingleMalt -->
        <test-method is-config="true" signature="tearDown()[pri:0, instance:testclass.HomeTest@6c779568]" started-at="2023-07-19T09:47:24 IST" name="tearDown" finished-at="2023-07-19T09:47:27 IST" duration-ms="3311" status="PASS">
          <reporter-output>
          </reporter-output>
        </test-method> <!-- tearDown -->
      </class> <!-- testclass.HomeTest -->
      <class name="testclass.ProductTest">
        <test-method is-config="true" signature="createObject()[pri:0, instance:testclass.ProductTest@776b83cc]" started-at="2023-07-19T09:47:16 IST" name="createObject" finished-at="2023-07-19T09:47:16 IST" duration-ms="2" status="PASS">
          <reporter-output>
          </reporter-output>
        </test-method> <!-- createObject -->
        <test-method signature="validateFilter()[pri:3, instance:testclass.ProductTest@776b83cc]" started-at="2023-07-19T09:47:16 IST" name="validateFilter" finished-at="2023-07-19T09:47:17 IST" duration-ms="950" status="PASS">
          <reporter-output>
          </reporter-output>
        </test-method> <!-- validateFilter -->
        <test-method signature="resetFilterValidation()[pri:4, instance:testclass.ProductTest@776b83cc]" started-at="2023-07-19T09:47:17 IST" name="resetFilterValidation" finished-at="2023-07-19T09:47:18 IST" duration-ms="710" status="PASS">
          <reporter-output>
          </reporter-output>
        </test-method> <!-- resetFilterValidation -->
        <test-method signature="sortingFilter()[pri:5, instance:testclass.ProductTest@776b83cc]" started-at="2023-07-19T09:47:18 IST" name="sortingFilter" finished-at="2023-07-19T09:47:21 IST" duration-ms="3442" status="PASS">
          <reporter-output>
          </reporter-output>
        </test-method> <!-- sortingFilter -->
        <test-method signature="navToProduct()[pri:6, instance:testclass.ProductTest@776b83cc]" started-at="2023-07-19T09:47:22 IST" name="navToProduct" finished-at="2023-07-19T09:47:23 IST" duration-ms="1920" status="PASS">
          <reporter-output>
          </reporter-output>
        </test-method> <!-- navToProduct -->
      </class> <!-- testclass.ProductTest -->
    </test> <!-- Test -->
  </suite> <!-- Suite -->
</testng-results>
